Using pre-set license

 COMMAND LINE ARGUMENTS:
/Applications/Unity/Hub/Editor/2020.3.1f1/Unity.app/Contents/MacOS/Unity
-adb2
-batchMode
-noUpm
-name
AssetImportWorker0
-projectPath
/Users/tylergreen/Games/Spider Man
-logFile
Logs/AssetImportWorker0.log
-srvPort
50897
Successfully changed project path to: /Users/tylergreen/Games/Spider Man
/Users/tylergreen/Games/Spider Man
Using Asset Import Pipeline V2.
Default GameObject BitMask: Water already registered

Refreshing native plugins compatible for Editor in 91.84 ms, found 3 plugins.
Preloading 0 native plugins for Editor in 0.00 ms.
Initialize engine version: 2020.3.1f1 (77a89f25062f)
[Subsystems] Discovering subsystems at path /Applications/Unity/Hub/Editor/2020.3.1f1/Unity.app/Contents/Resources/UnitySubsystems
[Subsystems] Discovering subsystems at path /Users/tylergreen/Games/Spider Man/Assets
GfxDevice: creating device client; threaded=0
2021-10-18 20:40:11.047 Unity[5119:116480] Color LCD preferred device: Intel Iris Pro Graphics (low power)
2021-10-18 20:40:11.047 Unity[5119:116480] Metal devices available: 2
2021-10-18 20:40:11.047 Unity[5119:116480] 0: AMD Radeon R9 M370X (high power)
2021-10-18 20:40:11.047 Unity[5119:116480] 1: Intel Iris Pro Graphics (low power)
2021-10-18 20:40:11.048 Unity[5119:116480] Using device AMD Radeon R9 M370X (high power)
Initializing Metal device caps: AMD Radeon R9 M370X
Initialize mono
Mono path[0] = '/Applications/Unity/Hub/Editor/2020.3.1f1/Unity.app/Contents/Managed'
Mono path[1] = '/Applications/Unity/Hub/Editor/2020.3.1f1/Unity.app/Contents/MonoBleedingEdge/lib/mono/unityjit'
Mono config path = '/Applications/Unity/Hub/Editor/2020.3.1f1/Unity.app/Contents/MonoBleedingEdge/etc'
Using monoOptions --debugger-agent=transport=dt_socket,embedding=1,server=y,suspend=n,address=127.0.0.1:56119
Begin MonoManager ReloadAssembly
Registering precompiled unity dll's ...
Register platform support module: /Applications/Unity/Hub/Editor/2020.3.1f1/Unity.app/Contents/PlaybackEngines/MacStandaloneSupport/UnityEditor.OSXStandalone.Extensions.dll
Register platform support module: /Applications/Unity/Hub/Editor/2020.3.1f1/PlaybackEngines/WindowsStandaloneSupport/UnityEditor.WindowsStandalone.Extensions.dll
Registered in 0.001779 seconds.
Native extension for WindowsStandalone target not found
Native extension for OSXStandalone target not found
Refreshing native plugins compatible for Editor in 80.28 ms, found 3 plugins.
Preloading 0 native plugins for Editor in 0.00 ms.
Invoked RoslynAnalysisRunner static constructor.
RoslynAnalysisRunner will not be running.
RoslynAnalysisRunner has terminated.
Mono: successfully reloaded assembly
- Completed reload, in  6.037 seconds
Platform modules already initialized, skipping
Registering precompiled user dll's ...
Registered in 0.002704 seconds.
Begin MonoManager ReloadAssembly
Native extension for WindowsStandalone target not found
Native extension for OSXStandalone target not found
Refreshing native plugins compatible for Editor in 0.57 ms, found 3 plugins.
Preloading 0 native plugins for Editor in 0.00 ms.
Invoked RoslynAnalysisRunner static constructor.
RoslynAnalysisRunner will not be running.
RoslynAnalysisRunner has terminated.
Mono: successfully reloaded assembly
- Completed reload, in  1.598 seconds
Platform modules already initialized, skipping
========================================================================
Worker process is ready to serve import requests
Default GameObject BitMask: Water already registered

Launching external process: /Applications/Unity/Hub/Editor/2020.3.1f1/Unity.app/Contents/Tools/UnityShaderCompiler
Launched and connected shader compiler UnityShaderCompiler after 0.02 seconds
Refreshing native plugins compatible for Editor in 0.55 ms, found 3 plugins.
Preloading 0 native plugins for Editor in 0.00 ms.
Unloading 1508 Unused Serialized files (Serialized files now loaded: 0)
System memory in use before: 177.9 MB.
System memory in use after: 178.0 MB.

Unloading 18 unused Assets to reduce memory usage. Loaded Objects now: 1972.
Total: 2.813560 ms (FindLiveObjects: 0.292053 ms CreateObjectMapping: 0.070611 ms MarkObjects: 2.239986 ms  DeleteObjects: 0.209317 ms)

========================================================================
Received Prepare
Default GameObject BitMask: Water already registered

Registering precompiled user dll's ...
Registered in 0.001173 seconds.
Begin MonoManager ReloadAssembly
Native extension for WindowsStandalone target not found
Native extension for OSXStandalone target not found
Refreshing native plugins compatible for Editor in 0.48 ms, found 3 plugins.
Preloading 0 native plugins for Editor in 0.00 ms.
Invoked RoslynAnalysisRunner static constructor.
RoslynAnalysisRunner will not be running.
RoslynAnalysisRunner has terminated.
Mono: successfully reloaded assembly
- Completed reload, in  1.202 seconds
Platform modules already initialized, skipping
Refreshing native plugins compatible for Editor in 0.49 ms, found 3 plugins.
Preloading 0 native plugins for Editor in 0.00 ms.
Unloading 1443 Unused Serialized files (Serialized files now loaded: 0)
System memory in use before: 173.8 MB.
System memory in use after: 173.8 MB.

Unloading 14 unused Assets to reduce memory usage. Loaded Objects now: 1975.
Total: 2.333978 ms (FindLiveObjects: 0.279351 ms CreateObjectMapping: 0.063910 ms MarkObjects: 1.825452 ms  DeleteObjects: 0.164011 ms)

========================================================================
Received Import Request.
  path: Assets/Prefabs/Green Goblin Parent.prefab
  artifactKey: Guid(edbb14b4349714d0aaa7c5be78faef4d) Importer(815301076,1909f56bfc062723c751e8b465ee728b)
Start importing Assets/Prefabs/Green Goblin Parent.prefab using Guid(edbb14b4349714d0aaa7c5be78faef4d) Importer(815301076,1909f56bfc062723c751e8b465ee728b)  -> (artifact id: '122e73b87e207d5612f4961041c44e16') in 1.537372 seconds
  Import took 1.546210 seconds .

========================================================================
Received Import Request.
  Time since last request: 1.950714 seconds.
  path: Assets/Prefabs/Green Goblin Parent.prefab
  artifactKey: Guid(edbb14b4349714d0aaa7c5be78faef4d) Importer(815301076,1909f56bfc062723c751e8b465ee728b)
Start importing Assets/Prefabs/Green Goblin Parent.prefab using Guid(edbb14b4349714d0aaa7c5be78faef4d) Importer(815301076,1909f56bfc062723c751e8b465ee728b)  -> (artifact id: '122e73b87e207d5612f4961041c44e16') in 0.084934 seconds
  Import took 0.092270 seconds .

========================================================================
Received Prepare
Default GameObject BitMask: Water already registered

Registering precompiled user dll's ...
Registered in 0.001085 seconds.
Begin MonoManager ReloadAssembly
Native extension for WindowsStandalone target not found
Native extension for OSXStandalone target not found
Refreshing native plugins compatible for Editor in 0.51 ms, found 3 plugins.
Preloading 0 native plugins for Editor in 0.00 ms.
Invoked RoslynAnalysisRunner static constructor.
RoslynAnalysisRunner will not be running.
RoslynAnalysisRunner has terminated.
Mono: successfully reloaded assembly
- Completed reload, in  1.337 seconds
Platform modules already initialized, skipping
Refreshing native plugins compatible for Editor in 0.53 ms, found 3 plugins.
Preloading 0 native plugins for Editor in 0.00 ms.
Unloading 1443 Unused Serialized files (Serialized files now loaded: 0)
System memory in use before: 196.4 MB.
System memory in use after: 196.5 MB.

Unloading 14 unused Assets to reduce memory usage. Loaded Objects now: 1987.
Total: 2.189404 ms (FindLiveObjects: 0.210919 ms CreateObjectMapping: 0.063188 ms MarkObjects: 1.739802 ms  DeleteObjects: 0.173872 ms)

